<?xml version="1.0" encoding="UTF-8"?>
<testng-results skipped="0" failed="0" total="2" passed="2">
  <reporter-output>
  </reporter-output>
  <suite name="Learning Framework" duration-ms="8788" started-at="2017-11-30T19:18:32Z" finished-at="2017-11-30T19:18:41Z">
    <groups>
    </groups>
    <test name="Open Gmail Login Test" duration-ms="5482" started-at="2017-11-30T19:18:32Z" finished-at="2017-11-30T19:18:38Z">
      <class name="testcases.OpenGmailTest">
        <test-method status="PASS" signature="openGmailTest()[pri:0, instance:testcases.OpenGmailTest@510f3d34]" name="openGmailTest" duration-ms="5473" started-at="2017-12-01T00:48:32Z" finished-at="2017-12-01T00:48:38Z">
          <reporter-output>
          </reporter-output>
        </test-method> <!-- openGmailTest -->
      </class> <!-- testcases.OpenGmailTest -->
    </test> <!-- Open Gmail Login Test -->
    <test name="Login Gmail Test" duration-ms="3271" started-at="2017-11-30T19:18:38Z" finished-at="2017-11-30T19:18:41Z">
      <class name="testcases.LoginGmailTest">
        <test-method status="PASS" signature="setUp()[pri:0, instance:testcases.LoginGmailTest@13b6aecc]" name="setUp" is-config="true" duration-ms="9475" started-at="2017-12-01T00:48:23Z" finished-at="2017-12-01T00:48:32Z">
          <reporter-output>
          </reporter-output>
        </test-method> <!-- setUp -->
        <test-method status="PASS" signature="doLogin(java.lang.String, java.lang.String)[pri:0, instance:testcases.LoginGmailTest@13b6aecc]" name="doLogin" duration-ms="3207" started-at="2017-12-01T00:48:38Z" data-provider="getData" finished-at="2017-12-01T00:48:41Z">
          <params>
            <param index="0">
              <value>
                <![CDATA[kietmca14@gmail.com]]>
              </value>
            </param>
            <param index="1">
              <value>
                <![CDATA[123456ABC]]>
              </value>
            </param>
          </params>
          <reporter-output>
          </reporter-output>
        </test-method> <!-- doLogin -->
        <test-method status="PASS" signature="tearDown()[pri:0, instance:testcases.LoginGmailTest@13b6aecc]" name="tearDown" is-config="true" duration-ms="5476" started-at="2017-12-01T00:48:41Z" finished-at="2017-12-01T00:48:47Z">
          <reporter-output>
          </reporter-output>
        </test-method> <!-- tearDown -->
      </class> <!-- testcases.LoginGmailTest -->
    </test> <!-- Login Gmail Test -->
  </suite> <!-- Learning Framework -->
</testng-results>
